Sending build context to Docker daemon  6.144kB
Step 1/7 : FROM		alpine:latest
 ---> 28f6e2705743
Step 2/7 : RUN			apk update && apk add	build-base 									openssl 									openssl-dev
 ---> Using cache
 ---> 1be5adb4e18f
Step 3/7 : COPY		srcs ./root/
 ---> Using cache
 ---> 6493b6b68150
Step 4/7 : WORKDIR		/root/
 ---> Using cache
 ---> 7bd56c16f9cf
Step 5/7 : RUN			apk add pure-ftpd --repository http://dl-3.alpinelinux.org/alpine/edge/testing/ --allow-untrusted --no-cache
 ---> Running in dd1022df8990
fetch http://dl-3.alpinelinux.org/alpine/edge/testing/x86_64/APKINDEX.tar.gz
fetch https://dl-cdn.alpinelinux.org/alpine/v3.13/main/x86_64/APKINDEX.tar.gz
fetch https://dl-cdn.alpinelinux.org/alpine/v3.13/community/x86_64/APKINDEX.tar.gz
(1/1) Installing pure-ftpd (1.0.49-r1)
Executing busybox-1.32.1-r3.trigger
OK: 198 MiB in 38 packages
Removing intermediate container dd1022df8990
 ---> d67149aa2733
Step 6/7 : EXPOSE		21 1024
 ---> Running in e6f59f43f921
Removing intermediate container e6f59f43f921
 ---> cafc2076239f
Step 7/7 : ENTRYPOINT	["sh", "setup_container.sh"]
 ---> Running in ab76dcfe28bf
Removing intermediate container ab76dcfe28bf
 ---> 5002d244907f
Successfully built 5002d244907f
Successfully tagged ftps:latest
