Sending build context to Docker daemon   5.12kB
Step 1/6 : FROM		alpine:latest
 ---> 28f6e2705743
Step 2/6 : RUN			apk update && apk	add influxdb 								ca-certificates
 ---> Using cache
 ---> d7d81ff2610d
Step 3/6 : COPY		srcs ./root
 ---> Using cache
 ---> 64d731aacc00
Step 4/6 : WORKDIR		/root/
 ---> Using cache
 ---> 8af2fd910fec
Step 5/6 : EXPOSE		8086
 ---> Using cache
 ---> bab8bd2e51bb
Step 6/6 : ENTRYPOINT	["sh", "setup_container.sh"]
 ---> Using cache
 ---> d7a9f4e28120
Successfully built d7a9f4e28120
Successfully tagged influxdb:latest
