Sending build context to Docker daemon  4.832MB
Step 1/6 : FROM		alpine:latest
 ---> 28f6e2705743
Step 2/6 : RUN			apk update && apk add nginx
 ---> Using cache
 ---> 1021f8da44ba
Step 3/6 : COPY		srcs ./root/
 ---> Using cache
 ---> d8c741d7f9c4
Step 4/6 : WORKDIR		/root/
 ---> Using cache
 ---> fc83bcfb3c2c
Step 5/6 : EXPOSE		80 443
 ---> Using cache
 ---> 581eef9ec335
Step 6/6 : ENTRYPOINT	["sh", "setup_container.sh"]
 ---> Using cache
 ---> 1875b602c867
Successfully built 1875b602c867
Successfully tagged nginx:latest
