Sending build context to Docker daemon  11.26kB
Step 1/6 : FROM		alpine:latest
latest: Pulling from library/alpine
ba3557a56b15: Pulling fs layer
ba3557a56b15: Verifying Checksum
ba3557a56b15: Download complete
ba3557a56b15: Pull complete
Digest: sha256:a75afd8b57e7f34e4dad8d65e2c7ba2e1975c795ce1ee22fa34f8cf46f96a3be
Status: Downloaded newer image for alpine:latest
 ---> 28f6e2705743
Step 2/6 : RUN			apk update && apk add	nginx 									wget 									php7-fpm 									php7-mysqli 									php7-json 									php7-cli 									php7-cgi 									php7-mbstring 									php7-opcache 									php7-gd 									php7-session 									php7-zlib
 ---> Running in 6f8886d72df3
fetch https://dl-cdn.alpinelinux.org/alpine/v3.13/main/x86_64/APKINDEX.tar.gz
fetch https://dl-cdn.alpinelinux.org/alpine/v3.13/community/x86_64/APKINDEX.tar.gz
v3.13.2-58-ge3f19cedc6 [https://dl-cdn.alpinelinux.org/alpine/v3.13/main]
v3.13.2-57-gb49ace1568 [https://dl-cdn.alpinelinux.org/alpine/v3.13/community]
OK: 13877 distinct packages available
(1/42) Installing pcre (8.44-r0)
(2/42) Installing nginx (1.18.0-r13)
Executing nginx-1.18.0-r13.pre-install
Executing nginx-1.18.0-r13.post-install
(3/42) Installing php7-common (7.4.15-r0)
(4/42) Installing argon2-libs (20190702-r1)
(5/42) Installing ncurses-terminfo-base (6.2_p20210109-r0)
(6/42) Installing ncurses-libs (6.2_p20210109-r0)
(7/42) Installing libedit (20191231.3.1-r1)
(8/42) Installing pcre2 (10.36-r0)
(9/42) Installing xz-libs (5.2.5-r0)
(10/42) Installing libxml2 (2.9.10-r6)
(11/42) Installing php7-cgi (7.4.15-r0)
(12/42) Installing php7 (7.4.15-r0)
(13/42) Installing php7-fpm (7.4.15-r0)
(14/42) Installing libxau (1.0.9-r0)
(15/42) Installing libbsd (0.10.0-r0)
(16/42) Installing libxdmcp (1.1.3-r0)
(17/42) Installing libxcb (1.14-r1)
(18/42) Installing libx11 (1.7.0-r0)
(19/42) Installing libxext (1.3.4-r0)
(20/42) Installing libice (1.0.10-r0)
(21/42) Installing libuuid (2.36.1-r1)
(22/42) Installing libsm (1.2.3-r0)
(23/42) Installing libxt (1.2.1-r0)
(24/42) Installing libxpm (3.5.13-r0)
(25/42) Installing brotli-libs (1.0.9-r3)
(26/42) Installing libbz2 (1.0.8-r1)
(27/42) Installing libpng (1.6.37-r1)
(28/42) Installing freetype (2.10.4-r1)
(29/42) Installing libjpeg-turbo (2.0.6-r0)
(30/42) Installing libwebp (1.1.0-r0)
(31/42) Installing php7-gd (7.4.15-r0)
(32/42) Installing php7-json (7.4.15-r0)
(33/42) Installing oniguruma (6.9.6-r0)
(34/42) Installing php7-mbstring (7.4.15-r0)
(35/42) Installing php7-openssl (7.4.15-r0)
(36/42) Installing php7-mysqlnd (7.4.15-r0)
(37/42) Installing php7-mysqli (7.4.15-r0)
(38/42) Installing php7-opcache (7.4.15-r0)
(39/42) Installing php7-session (7.4.15-r0)
(40/42) Installing libunistring (0.9.10-r0)
(41/42) Installing libidn2 (2.3.0-r0)
(42/42) Installing wget (1.21.1-r1)
Executing busybox-1.32.1-r3.trigger
OK: 37 MiB in 56 packages
Removing intermediate container 6f8886d72df3
 ---> bb9c3ef81a2b
Step 3/6 : COPY		srcs ./root/
 ---> 64b27625b494
Step 4/6 : WORKDIR		/root/
 ---> Running in e97e06f86a13
Removing intermediate container e97e06f86a13
 ---> 5d911ff9e288
Step 5/6 : EXPOSE		5050
 ---> Running in 1297a0d821f5
Removing intermediate container 1297a0d821f5
 ---> 77d9701336fa
Step 6/6 : ENTRYPOINT	["sh", "setup_container.sh"]
 ---> Running in 28ac9a248ad4
Removing intermediate container 28ac9a248ad4
 ---> ccac79f6145b
Successfully built ccac79f6145b
Successfully tagged wordpress:latest
